2025-01-15 19:11:20 - Parser called with template
2025-01-15 19:11:20 - Parser called with template
2025-01-15 19:11:20 - Parser called with template
2025-01-15 19:11:20 - Parser called with template
2025-01-15 19:11:20 - Parser called with template
2025-01-15 19:11:20 - Parser called with template
2025-01-15 19:11:20 - Parser called with template
2025-01-15 19:11:20 - Parser called with template
2025-01-15 19:11:20 - Parser called with template
2025-01-15 19:11:20 - Parser called with template
2025-01-15 19:11:20 - Parser called with template
2025-01-15 19:11:20 - Parser called with template
2025-01-15 19:11:20 - Parser called with template
2025-01-15 19:11:20 - Parser called with template
2025-01-15 19:11:20 - Parser called with template
2025-01-15 19:11:20 - Parser called with template
2025-01-15 19:11:20 - Parser called with template
2025-01-15 19:11:20 - Parser called with template
2025-01-15 19:11:20 - Parser called with template
2025-01-15 19:11:20 - Parser called with template
2025-01-15 19:11:21 - Parser called with template
2025-01-15 19:11:21 - Found matches - Data: Array
(
    [0] => Array
        (
            [0] => [recentPostByCat_43]
            [1] => [recentPostByCat_43_LastPost]
        )

    [1] => Array
        (
            [0] => 43
            [1] => 43
        )

    [2] => Array
        (
            [0] => 
            [1] => _LastPost
        )

    [3] => Array
        (
            [0] => 
            [1] => LastPost
        )

)

2025-01-15 19:11:21 - Parser called with template
2025-01-15 19:11:21 - Parser called with template
2025-01-15 19:11:22 - Parser called with template
2025-01-15 19:11:22 - Parser called with template
2025-01-15 19:11:22 - Parser called with template
2025-01-15 19:11:22 - Parser called with template
2025-01-15 19:11:22 - Parser called with template
2025-01-15 19:11:22 - Parser called with template
2025-01-15 19:11:22 - Parser called with template
2025-01-15 19:11:22 - Parser called with template
2025-01-15 19:11:22 - Parser called with template
2025-01-15 19:11:22 - Parser called with template
2025-01-15 19:11:22 - Parser called with template
2025-01-15 19:11:22 - Parser called with template
2025-01-15 19:11:22 - Parser called with template
2025-01-15 19:11:22 - Parser called with template
2025-01-15 19:11:22 - Parser called with template
2025-01-15 19:11:22 - Parser called with template
2025-01-15 19:11:22 - Parser called with template
2025-01-15 19:11:22 - Parser called with template
2025-01-15 19:11:22 - Parser called with template
2025-01-15 19:11:22 - Parser called with template
2025-01-15 19:11:22 - Parser called with template
2025-01-15 19:11:24 - Parser called with template
2025-01-15 19:11:24 - Parser called with template
2025-01-15 19:11:24 - Parser called with template
2025-01-15 19:11:24 - Parser called with template
2025-01-15 19:11:24 - Parser called with template
2025-01-15 19:11:24 - Parser called with template
2025-01-15 19:11:24 - Parser called with template
2025-01-15 19:11:24 - Parser called with template
2025-01-15 19:11:24 - Parser called with template
2025-01-15 19:11:24 - Parser called with template
2025-01-15 19:11:24 - Parser called with template
2025-01-15 19:11:24 - Parser called with template
2025-01-15 19:11:24 - Parser called with template
2025-01-15 19:11:24 - Parser called with template
2025-01-15 19:11:24 - Parser called with template
2025-01-15 19:11:24 - Parser called with template
2025-01-15 19:11:24 - Parser called with template
2025-01-15 19:11:24 - Parser called with template
2025-01-15 19:11:24 - Parser called with template
2025-01-15 19:11:24 - Parser called with template
2025-01-15 19:11:24 - Parser called with template
2025-01-15 19:11:33 - Parser called with template
2025-01-15 19:11:33 - Parser called with template
2025-01-15 19:11:33 - Parser called with template
2025-01-15 19:11:33 - Parser called with template
2025-01-15 19:11:33 - Parser called with template
2025-01-15 19:11:33 - Parser called with template
2025-01-15 19:11:33 - Parser called with template
2025-01-15 19:11:33 - Parser called with template
2025-01-15 19:11:33 - Parser called with template
2025-01-15 19:11:33 - Parser called with template
2025-01-15 19:11:33 - Parser called with template
2025-01-15 19:11:33 - Parser called with template
2025-01-15 19:11:33 - Parser called with template
2025-01-15 19:11:33 - Parser called with template
2025-01-15 19:11:33 - Parser called with template
2025-01-15 19:11:33 - Parser called with template
2025-01-15 19:11:33 - Parser called with template
2025-01-15 19:11:33 - Parser called with template
2025-01-15 19:11:33 - Parser called with template
2025-01-15 19:11:33 - Parser called with template
2025-01-15 19:11:33 - Parser called with template
2025-01-15 19:12:08 - Parser called with template
2025-01-15 19:12:08 - Parser called with template
2025-01-15 19:12:08 - Parser called with template
2025-01-15 19:12:08 - Parser called with template
2025-01-15 19:12:08 - Parser called with template
2025-01-15 19:12:08 - Parser called with template
2025-01-15 19:12:08 - Parser called with template
2025-01-15 19:12:08 - Parser called with template
2025-01-15 19:12:08 - Parser called with template
2025-01-15 19:12:08 - Parser called with template
2025-01-15 19:12:08 - Parser called with template
2025-01-15 19:12:08 - Parser called with template
2025-01-15 19:12:08 - Parser called with template
2025-01-15 19:12:08 - Parser called with template
2025-01-15 19:12:08 - Parser called with template
2025-01-15 19:12:08 - Parser called with template
2025-01-15 19:12:08 - Parser called with template
2025-01-15 19:12:08 - Parser called with template
2025-01-15 19:12:08 - Parser called with template
2025-01-15 19:12:08 - Parser called with template
2025-01-15 19:12:08 - Parser called with template
2025-01-15 19:12:08 - Found matches - Data: Array
(
    [0] => Array
        (
            [0] => [recentPostByCat_43]
            [1] => [recentPostByCat_43_LastPost]
        )

    [1] => Array
        (
            [0] => 43
            [1] => 43
        )

    [2] => Array
        (
            [0] => 
            [1] => _LastPost
        )

    [3] => Array
        (
            [0] => 
            [1] => LastPost
        )

)

2025-01-15 19:12:08 - Parser called with template
2025-01-15 19:12:08 - Parser called with template
2025-01-15 19:12:09 - Parser called with template
2025-01-15 19:12:09 - Parser called with template
2025-01-15 19:12:09 - Parser called with template
2025-01-15 19:12:09 - Parser called with template
2025-01-15 19:12:09 - Parser called with template
2025-01-15 19:12:09 - Parser called with template
2025-01-15 19:12:09 - Parser called with template
2025-01-15 19:12:09 - Parser called with template
2025-01-15 19:12:09 - Parser called with template
2025-01-15 19:12:09 - Parser called with template
2025-01-15 19:12:09 - Parser called with template
2025-01-15 19:12:09 - Parser called with template
2025-01-15 19:12:09 - Parser called with template
2025-01-15 19:12:09 - Parser called with template
2025-01-15 19:12:09 - Parser called with template
2025-01-15 19:12:09 - Parser called with template
2025-01-15 19:12:09 - Parser called with template
2025-01-15 19:12:09 - Parser called with template
2025-01-15 19:12:09 - Parser called with template
2025-01-15 19:12:09 - Parser called with template
2025-01-15 19:12:09 - Parser called with template
2025-01-15 19:12:14 - Parser called with template
2025-01-15 19:12:14 - Parser called with template
2025-01-15 19:12:14 - Parser called with template
2025-01-15 19:12:14 - Parser called with template
2025-01-15 19:12:14 - Parser called with template
2025-01-15 19:12:14 - Parser called with template
2025-01-15 19:12:14 - Parser called with template
2025-01-15 19:12:14 - Parser called with template
2025-01-15 19:12:14 - Parser called with template
2025-01-15 19:12:14 - Parser called with template
2025-01-15 19:12:14 - Parser called with template
2025-01-15 19:12:14 - Parser called with template
2025-01-15 19:12:14 - Parser called with template
2025-01-15 19:12:14 - Parser called with template
2025-01-15 19:12:14 - Parser called with template
2025-01-15 19:12:14 - Parser called with template
2025-01-15 19:12:14 - Parser called with template
2025-01-15 19:12:14 - Parser called with template
2025-01-15 19:12:14 - Parser called with template
2025-01-15 19:12:14 - Parser called with template
2025-01-15 19:12:14 - Parser called with template
2025-01-15 19:12:14 - Found matches - Data: Array
(
    [0] => Array
        (
            [0] => [recentPostByCat_43]
            [1] => [recentPostByCat_43_LastPost]
        )

    [1] => Array
        (
            [0] => 43
            [1] => 43
        )

    [2] => Array
        (
            [0] => 
            [1] => _LastPost
        )

    [3] => Array
        (
            [0] => 
            [1] => LastPost
        )

)

2025-01-15 19:12:14 - Parser called with template
2025-01-15 19:12:14 - Parser called with template
2025-01-15 19:12:15 - Parser called with template
2025-01-15 19:12:15 - Parser called with template
2025-01-15 19:12:15 - Parser called with template
2025-01-15 19:12:15 - Parser called with template
2025-01-15 19:12:15 - Parser called with template
2025-01-15 19:12:15 - Parser called with template
2025-01-15 19:12:15 - Parser called with template
2025-01-15 19:12:15 - Parser called with template
2025-01-15 19:12:15 - Parser called with template
2025-01-15 19:12:15 - Parser called with template
2025-01-15 19:12:15 - Parser called with template
2025-01-15 19:12:15 - Parser called with template
2025-01-15 19:12:15 - Parser called with template
2025-01-15 19:12:15 - Parser called with template
2025-01-15 19:12:15 - Parser called with template
2025-01-15 19:12:15 - Parser called with template
2025-01-15 19:12:15 - Parser called with template
2025-01-15 19:12:15 - Parser called with template
2025-01-15 19:12:15 - Parser called with template
2025-01-15 19:12:15 - Parser called with template
2025-01-15 19:12:15 - Parser called with template
